<?xml version="1.0" encoding="UTF-8"?>
<!-- Generated by org.testng.reporters.JUnitXMLReporter -->
<testsuite hostname="DESKTOP-7M69QR2" failures="0" tests="17" name="personal loans" time="0.329" errors="0" timestamp="21 Jun 2025 11:26:50 GMT">
  <testcase classname="section16.class4" name="apiLogicHomeLoan" time="0.039"/>
  <testcase classname="section16.class4" name="mobileLogicHomeLoan" time="0.011"/>
  <testcase classname="section16.class4" name="webLogicHomeLoan" time="0.006"/>
  <testcase classname="section16.day1" name="demo" time="0.004"/>
  <testcase classname="section16.day1" name="demo2" time="0.007"/>
  <testcase classname="section16.day2" name="apiLogicHomeLoan" time="0.011"/>
  <testcase classname="section16.day2" name="mobileLogicHomeLoan" time="0.013"/>
  <testcase classname="section16.day2" name="webLogicHomeLoan" time="0.008"/>
  <testcase classname="section16.day3" name="apiLogic" time="0.005"/>
  <testcase classname="section16.day3" name="apiLogicCarLoan" time="0.005"/>
  <testcase classname="section16.day3" name="mobileLogicCarLoan" time="0.01"/>
  <testcase classname="section16.day3" name="mobileSignIN" time="0.009"/>
  <testcase classname="section16.day3" name="mobileSignOut" time="0.003"/>
  <testcase classname="section16.day3" name="webLogicCarLoan" time="0.012"/>
  <testcase classname="section16.day4" name="api" time="0.004"/>
  <testcase classname="section16.day4" name="mobile" time="0.03"/>
  <testcase classname="section16.day4" name="webLog" time="0.005"/>
</testsuite> <!-- personal loans -->
