<?xml version="1.0" encoding="UTF-8"?>
<!-- Generated by org.testng.reporters.JUnitXMLReporter -->
<testsuite hostname="DESKTOP-7M69QR2" failures="0" tests="9" name="Test" time="0.243" errors="0" timestamp="25 Jun 2025 06:49:16 GMT">
  <testcase classname="section16.day1" name="demo" time="0.023"/>
  <testcase classname="section16.day2" name="apiLogicHomeLoan" time="0.006"/>
  <testcase classname="section16.day2" name="mobileLogicHomeLoan" time="0.007"/>
  <testcase classname="section16.day2" name="webLogicHomeLoan" time="0.007"/>
  <testcase classname="section16.day2" name="webLogisthekey" time="0.024"/>
  <testcase classname="section16.day4" name="api" time="0.007"/>
  <testcase classname="section16.day4" name="mobile" time="0.005"/>
  <testcase classname="section16.day4" name="webLog" time="0.019"/>
  <testcase classname="section16.day4" name="webLogisthekey" time="0.01"/>
</testsuite> <!-- Test -->
