<?xml version="1.0" encoding="UTF-8"?>
<testng-results total="1" passed="1" failed="0" skipped="0">
  <reporter-output>
  </reporter-output>
  <suite started-at="2025-06-25T10:12:08Z" name="Default suite" finished-at="2025-06-25T10:12:08Z" duration-ms="78">
    <groups>
    </groups>
    <test started-at="2025-06-25T10:12:08Z" name="Default test" finished-at="2025-06-25T10:12:08Z" duration-ms="78">
      <class name="section16.PS1">
        <test-method is-config="true" signature="beforeRun()[pri:0, instance:section16.PS1@5386659f]" started-at="2025-06-25T15:42:08Z" name="beforeRun" finished-at="2025-06-25T15:42:08Z" duration-ms="13" status="PASS">
          <reporter-output>
          </reporter-output>
        </test-method> <!-- beforeRun -->
        <test-method signature="testRun()[pri:0, instance:section16.PS1@5386659f]" started-at="2025-06-25T15:42:08Z" name="testRun" finished-at="2025-06-25T15:42:08Z" duration-ms="17" status="PASS">
          <reporter-output>
          </reporter-output>
        </test-method> <!-- testRun -->
        <test-method is-config="true" signature="AfterRun()[pri:0, instance:section16.PS1@5386659f]" started-at="2025-06-25T15:42:08Z" name="AfterRun" finished-at="2025-06-25T15:42:08Z" duration-ms="1" status="PASS">
          <reporter-output>
          </reporter-output>
        </test-method> <!-- AfterRun -->
      </class> <!-- section16.PS1 -->
    </test> <!-- Default test -->
  </suite> <!-- Default suite -->
</testng-results>
